{"/Users/petersteffey/Documents/react-native-popover/Popover.js": {"path":"/Users/petersteffey/Documents/react-native-popover/Popover.js","statementMap":{"0":{"start":{"line":8,"column":19},"end":{"line":8,"column":76}},"1":{"start":{"line":9,"column":13},"end":{"line":9,"column":66}},"2":{"start":{"line":10,"column":11},"end":{"line":10,"column":19}},"3":{"start":{"line":12,"column":51},"end":{"line":12,"column":75}},"4":{"start":{"line":13,"column":25},"end":{"line":13,"column":40}},"5":{"start":{"line":14,"column":26},"end":{"line":20,"column":1}},"6":{"start":{"line":23,"column":4},"end":{"line":23,"column":15}},"7":{"start":{"line":24,"column":4},"end":{"line":24,"column":15}},"8":{"start":{"line":28,"column":4},"end":{"line":28,"column":23}},"9":{"start":{"line":29,"column":4},"end":{"line":29,"column":25}},"10":{"start":{"line":33,"column":4},"end":{"line":33,"column":15}},"11":{"start":{"line":34,"column":4},"end":{"line":34,"column":15}},"12":{"start":{"line":35,"column":4},"end":{"line":35,"column":23}},"13":{"start":{"line":36,"column":4},"end":{"line":36,"column":25}},"14":{"start":{"line":40,"column":2},"end":{"line":43,"column":6}},"15":{"start":{"line":41,"column":17},"end":{"line":41,"column":28}},"16":{"start":{"line":42,"column":21},"end":{"line":42,"column":33}},"17":{"start":{"line":49,"column":2},"end":{"line":49,"column":14}},"18":{"start":{"line":51,"column":2},"end":{"line":66,"column":10}},"19":{"start":{"line":68,"column":2},"end":{"line":68,"column":55}},"20":{"start":{"line":69,"column":2},"end":{"line":69,"column":57}},"21":{"start":{"line":70,"column":2},"end":{"line":70,"column":63}},"22":{"start":{"line":71,"column":2},"end":{"line":71,"column":69}},"23":{"start":{"line":72,"column":2},"end":{"line":72,"column":65}},"24":{"start":{"line":73,"column":2},"end":{"line":73,"column":67}},"25":{"start":{"line":74,"column":2},"end":{"line":74,"column":65}},"26":{"start":{"line":75,"column":2},"end":{"line":75,"column":51}},"27":{"start":{"line":76,"column":2},"end":{"line":76,"column":63}},"28":{"start":{"line":77,"column":2},"end":{"line":77,"column":59}},"29":{"start":{"line":78,"column":2},"end":{"line":78,"column":67}},"30":{"start":{"line":79,"column":2},"end":{"line":79,"column":63}},"31":{"start":{"line":80,"column":2},"end":{"line":80,"column":45}},"32":{"start":{"line":84,"column":6},"end":{"line":84,"column":107}},"33":{"start":{"line":84,"column":82},"end":{"line":84,"column":105}},"34":{"start":{"line":85,"column":6},"end":{"line":85,"column":107}},"35":{"start":{"line":85,"column":83},"end":{"line":85,"column":105}},"36":{"start":{"line":89,"column":6},"end":{"line":89,"column":53}},"37":{"start":{"line":93,"column":28},"end":{"line":93,"column":38}},"38":{"start":{"line":94,"column":6},"end":{"line":96,"column":7}},"39":{"start":{"line":95,"column":10},"end":{"line":95,"column":105}},"40":{"start":{"line":97,"column":6},"end":{"line":97,"column":43}},"41":{"start":{"line":101,"column":28},"end":{"line":101,"column":38}},"42":{"start":{"line":102,"column":6},"end":{"line":104,"column":7}},"43":{"start":{"line":103,"column":10},"end":{"line":103,"column":105}},"44":{"start":{"line":106,"column":37},"end":{"line":106,"column":107}},"45":{"start":{"line":107,"column":24},"end":{"line":107,"column":92}},"46":{"start":{"line":109,"column":6},"end":{"line":114,"column":10}},"47":{"start":{"line":118,"column":6},"end":{"line":118,"column":43}},"48":{"start":{"line":119,"column":6},"end":{"line":119,"column":43}},"49":{"start":{"line":120,"column":6},"end":{"line":121,"column":25}},"50":{"start":{"line":121,"column":8},"end":{"line":121,"column":25}},"51":{"start":{"line":125,"column":35},"end":{"line":125,"column":55}},"52":{"start":{"line":126,"column":8},"end":{"line":132,"column":9}},"53":{"start":{"line":127,"column":21},"end":{"line":127,"column":65}},"54":{"start":{"line":131,"column":10},"end":{"line":131,"column":116}},"55":{"start":{"line":131,"column":98},"end":{"line":131,"column":114}},"56":{"start":{"line":136,"column":8},"end":{"line":138,"column":9}},"57":{"start":{"line":137,"column":12},"end":{"line":137,"column":74}},"58":{"start":{"line":139,"column":8},"end":{"line":139,"column":43}},"59":{"start":{"line":143,"column":8},"end":{"line":143,"column":54}},"60":{"start":{"line":144,"column":8},"end":{"line":144,"column":51}},"61":{"start":{"line":145,"column":8},"end":{"line":145,"column":60}},"62":{"start":{"line":150,"column":8},"end":{"line":157,"column":9}},"63":{"start":{"line":151,"column":12},"end":{"line":154,"column":14}},"64":{"start":{"line":156,"column":12},"end":{"line":156,"column":53}},"65":{"start":{"line":159,"column":8},"end":{"line":161,"column":9}},"66":{"start":{"line":160,"column":12},"end":{"line":160,"column":107}},"67":{"start":{"line":163,"column":8},"end":{"line":198,"column":9}},"68":{"start":{"line":165,"column":10},"end":{"line":165,"column":109}},"69":{"start":{"line":165,"column":62},"end":{"line":165,"column":109}},"70":{"start":{"line":166,"column":10},"end":{"line":166,"column":111}},"71":{"start":{"line":166,"column":63},"end":{"line":166,"column":111}},"72":{"start":{"line":167,"column":10},"end":{"line":167,"column":63}},"73":{"start":{"line":167,"column":30},"end":{"line":167,"column":63}},"74":{"start":{"line":168,"column":10},"end":{"line":168,"column":64}},"75":{"start":{"line":168,"column":30},"end":{"line":168,"column":64}},"76":{"start":{"line":170,"column":24},"end":{"line":175,"column":11}},"77":{"start":{"line":177,"column":10},"end":{"line":188,"column":11}},"78":{"start":{"line":179,"column":16},"end":{"line":179,"column":56}},"79":{"start":{"line":181,"column":16},"end":{"line":181,"column":59}},"80":{"start":{"line":183,"column":16},"end":{"line":183,"column":57}},"81":{"start":{"line":185,"column":16},"end":{"line":185,"column":58}},"82":{"start":{"line":187,"column":16},"end":{"line":187,"column":57}},"83":{"start":{"line":190,"column":10},"end":{"line":197,"column":11}},"84":{"start":{"line":202,"column":19},"end":{"line":202,"column":32}},"85":{"start":{"line":203,"column":24},"end":{"line":203,"column":83}},"86":{"start":{"line":205,"column":32},"end":{"line":208,"column":9}},"87":{"start":{"line":210,"column":19},"end":{"line":210,"column":78}},"88":{"start":{"line":211,"column":19},"end":{"line":211,"column":32}},"89":{"start":{"line":212,"column":24},"end":{"line":212,"column":83}},"90":{"start":{"line":214,"column":28},"end":{"line":217,"column":9}},"91":{"start":{"line":219,"column":26},"end":{"line":219,"column":82}},"92":{"start":{"line":222,"column":8},"end":{"line":222,"column":69}},"93":{"start":{"line":223,"column":8},"end":{"line":223,"column":107}},"94":{"start":{"line":225,"column":8},"end":{"line":230,"column":9}},"95":{"start":{"line":234,"column":24},"end":{"line":234,"column":71}},"96":{"start":{"line":236,"column":32},"end":{"line":239,"column":9}},"97":{"start":{"line":241,"column":19},"end":{"line":241,"column":78}},"98":{"start":{"line":242,"column":19},"end":{"line":242,"column":32}},"99":{"start":{"line":243,"column":24},"end":{"line":243,"column":83}},"100":{"start":{"line":245,"column":28},"end":{"line":248,"column":9}},"101":{"start":{"line":250,"column":26},"end":{"line":250,"column":100}},"102":{"start":{"line":253,"column":8},"end":{"line":253,"column":69}},"103":{"start":{"line":254,"column":8},"end":{"line":254,"column":107}},"104":{"start":{"line":256,"column":8},"end":{"line":261,"column":9}},"105":{"start":{"line":265,"column":8},"end":{"line":265,"column":45}},"106":{"start":{"line":269,"column":32},"end":{"line":272,"column":9}},"107":{"start":{"line":274,"column":24},"end":{"line":274,"column":78}},"108":{"start":{"line":276,"column":24},"end":{"line":276,"column":85}},"109":{"start":{"line":277,"column":19},"end":{"line":277,"column":32}},"110":{"start":{"line":278,"column":19},"end":{"line":278,"column":82}},"111":{"start":{"line":280,"column":28},"end":{"line":283,"column":9}},"112":{"start":{"line":285,"column":26},"end":{"line":285,"column":83}},"113":{"start":{"line":288,"column":8},"end":{"line":288,"column":70}},"114":{"start":{"line":289,"column":8},"end":{"line":289,"column":109}},"115":{"start":{"line":291,"column":8},"end":{"line":296,"column":9}},"116":{"start":{"line":300,"column":32},"end":{"line":303,"column":9}},"117":{"start":{"line":305,"column":24},"end":{"line":305,"column":69}},"118":{"start":{"line":307,"column":24},"end":{"line":307,"column":85}},"119":{"start":{"line":308,"column":19},"end":{"line":308,"column":32}},"120":{"start":{"line":309,"column":19},"end":{"line":309,"column":82}},"121":{"start":{"line":311,"column":28},"end":{"line":314,"column":9}},"122":{"start":{"line":316,"column":26},"end":{"line":316,"column":100}},"123":{"start":{"line":319,"column":8},"end":{"line":319,"column":70}},"124":{"start":{"line":320,"column":8},"end":{"line":320,"column":109}},"125":{"start":{"line":322,"column":8},"end":{"line":327,"column":9}},"126":{"start":{"line":331,"column":33},"end":{"line":331,"column":35}},"127":{"start":{"line":332,"column":8},"end":{"line":335,"column":9}},"128":{"start":{"line":333,"column":12},"end":{"line":333,"column":59}},"129":{"start":{"line":334,"column":12},"end":{"line":334,"column":122}},"130":{"start":{"line":336,"column":8},"end":{"line":339,"column":9}},"131":{"start":{"line":337,"column":12},"end":{"line":337,"column":60}},"132":{"start":{"line":342,"column":8},"end":{"line":359,"column":9}},"133":{"start":{"line":343,"column":10},"end":{"line":346,"column":121}},"134":{"start":{"line":344,"column":12},"end":{"line":344,"column":120}},"135":{"start":{"line":346,"column":12},"end":{"line":346,"column":121}},"136":{"start":{"line":347,"column":15},"end":{"line":359,"column":9}},"137":{"start":{"line":348,"column":12},"end":{"line":348,"column":121}},"138":{"start":{"line":350,"column":10},"end":{"line":358,"column":11}},"139":{"start":{"line":351,"column":12},"end":{"line":351,"column":120}},"140":{"start":{"line":355,"column":27},"end":{"line":355,"column":53}},"141":{"start":{"line":356,"column":30},"end":{"line":356,"column":97}},"142":{"start":{"line":357,"column":12},"end":{"line":357,"column":260}},"143":{"start":{"line":363,"column":19},"end":{"line":363,"column":39}},"144":{"start":{"line":364,"column":8},"end":{"line":370,"column":9}},"145":{"start":{"line":367,"column":16},"end":{"line":367,"column":57}},"146":{"start":{"line":369,"column":16},"end":{"line":369,"column":28}},"147":{"start":{"line":374,"column":8},"end":{"line":374,"column":41}},"148":{"start":{"line":378,"column":8},"end":{"line":387,"column":9}},"149":{"start":{"line":380,"column":16},"end":{"line":380,"column":32}},"150":{"start":{"line":382,"column":16},"end":{"line":382,"column":58}},"151":{"start":{"line":384,"column":16},"end":{"line":384,"column":55}},"152":{"start":{"line":386,"column":16},"end":{"line":386,"column":30}},"153":{"start":{"line":391,"column":43},"end":{"line":391,"column":53}},"154":{"start":{"line":392,"column":24},"end":{"line":392,"column":44}},"155":{"start":{"line":398,"column":20},"end":{"line":398,"column":39}},"156":{"start":{"line":399,"column":21},"end":{"line":399,"column":45}},"157":{"start":{"line":401,"column":8},"end":{"line":408,"column":9}},"158":{"start":{"line":412,"column":64},"end":{"line":412,"column":74}},"159":{"start":{"line":414,"column":30},"end":{"line":415,"column":61}},"160":{"start":{"line":416,"column":32},"end":{"line":416,"column":63}},"161":{"start":{"line":417,"column":30},"end":{"line":417,"column":61}},"162":{"start":{"line":418,"column":8},"end":{"line":418,"column":93}},"163":{"start":{"line":422,"column":6},"end":{"line":423,"column":110}},"164":{"start":{"line":423,"column":8},"end":{"line":423,"column":110}},"165":{"start":{"line":427,"column":28},"end":{"line":427,"column":47}},"166":{"start":{"line":432,"column":12},"end":{"line":432,"column":22}},"167":{"start":{"line":434,"column":8},"end":{"line":444,"column":9}},"168":{"start":{"line":435,"column":12},"end":{"line":441,"column":13}},"169":{"start":{"line":438,"column":16},"end":{"line":438,"column":118}},"170":{"start":{"line":440,"column":16},"end":{"line":440,"column":34}},"171":{"start":{"line":442,"column":15},"end":{"line":444,"column":9}},"172":{"start":{"line":443,"column":12},"end":{"line":443,"column":45}},"173":{"start":{"line":448,"column":111},"end":{"line":448,"column":121}},"174":{"start":{"line":450,"column":17},"end":{"line":450,"column":84}},"175":{"start":{"line":452,"column":21},"end":{"line":452,"column":23}},"176":{"start":{"line":454,"column":6},"end":{"line":455,"column":60}},"177":{"start":{"line":455,"column":8},"end":{"line":455,"column":60}},"178":{"start":{"line":457,"column":6},"end":{"line":458,"column":48}},"179":{"start":{"line":458,"column":8},"end":{"line":458,"column":48}},"180":{"start":{"line":460,"column":6},"end":{"line":461,"column":44}},"181":{"start":{"line":461,"column":8},"end":{"line":461,"column":44}},"182":{"start":{"line":463,"column":6},"end":{"line":473,"column":9}},"183":{"start":{"line":464,"column":8},"end":{"line":472,"column":9}},"184":{"start":{"line":465,"column":10},"end":{"line":471,"column":12}},"185":{"start":{"line":477,"column":6},"end":{"line":484,"column":8}},"186":{"start":{"line":482,"column":24},"end":{"line":482,"column":95}},"187":{"start":{"line":482,"column":62},"end":{"line":482,"column":94}},"188":{"start":{"line":488,"column":19},"end":{"line":488,"column":44}},"189":{"start":{"line":491,"column":27},"end":{"line":491,"column":52}},"190":{"start":{"line":492,"column":6},"end":{"line":492,"column":38}},"191":{"start":{"line":493,"column":6},"end":{"line":493,"column":48}},"192":{"start":{"line":495,"column":6},"end":{"line":501,"column":8}},"193":{"start":{"line":505,"column":25},"end":{"line":509,"column":7}},"194":{"start":{"line":511,"column":6},"end":{"line":511,"column":56}},"195":{"start":{"line":513,"column":6},"end":{"line":531,"column":7}},"196":{"start":{"line":513,"column":31},"end":{"line":513,"column":74}},"197":{"start":{"line":514,"column":11},"end":{"line":531,"column":7}},"198":{"start":{"line":514,"column":110},"end":{"line":514,"column":164}},"199":{"start":{"line":515,"column":11},"end":{"line":531,"column":7}},"200":{"start":{"line":515,"column":38},"end":{"line":515,"column":82}},"201":{"start":{"line":517,"column":8},"end":{"line":530,"column":27}},"202":{"start":{"line":535,"column":103},"end":{"line":535,"column":113}},"203":{"start":{"line":537,"column":25},"end":{"line":541,"column":10}},"204":{"start":{"line":543,"column":24},"end":{"line":543,"column":44}},"205":{"start":{"line":544,"column":25},"end":{"line":544,"column":44}},"206":{"start":{"line":545,"column":26},"end":{"line":545,"column":50}},"207":{"start":{"line":547,"column":25},"end":{"line":558,"column":9}},"208":{"start":{"line":560,"column":30},"end":{"line":569,"column":9}},"209":{"start":{"line":572,"column":30},"end":{"line":575,"column":10}},"210":{"start":{"line":577,"column":30},"end":{"line":582,"column":9}},"211":{"start":{"line":584,"column":29},"end":{"line":587,"column":9}},"212":{"start":{"line":589,"column":31},"end":{"line":600,"column":9}},"213":{"start":{"line":603,"column":12},"end":{"line":617,"column":28}},"214":{"start":{"line":608,"column":64},"end":{"line":608,"column":88}},"215":{"start":{"line":620,"column":8},"end":{"line":628,"column":9}},"216":{"start":{"line":621,"column":12},"end":{"line":625,"column":14}},"217":{"start":{"line":627,"column":12},"end":{"line":627,"column":31}},"218":{"start":{"line":632,"column":13},"end":{"line":678,"column":1}},"219":{"start":{"line":680,"column":0},"end":{"line":690,"column":1}},"220":{"start":{"line":692,"column":0},"end":{"line":703,"column":1}}},"fnMap":{"0":{"name":"(anonymous_0)","decl":{"start":{"line":10,"column":11},"end":{"line":10,"column":12}},"loc":{"start":{"line":10,"column":17},"end":{"line":10,"column":19}},"line":10},"1":{"name":"Point","decl":{"start":{"line":22,"column":16},"end":{"line":22,"column":21}},"loc":{"start":{"line":22,"column":28},"end":{"line":25,"column":1}},"line":22},"2":{"name":"Size","decl":{"start":{"line":27,"column":16},"end":{"line":27,"column":20}},"loc":{"start":{"line":27,"column":36},"end":{"line":30,"column":1}},"line":27},"3":{"name":"Rect","decl":{"start":{"line":32,"column":16},"end":{"line":32,"column":20}},"loc":{"start":{"line":32,"column":42},"end":{"line":37,"column":1}},"line":32},"4":{"name":"isIOS","decl":{"start":{"line":39,"column":9},"end":{"line":39,"column":14}},"loc":{"start":{"line":39,"column":17},"end":{"line":44,"column":1}},"line":39},"5":{"name":"(anonymous_5)","decl":{"start":{"line":41,"column":9},"end":{"line":41,"column":10}},"loc":{"start":{"line":41,"column":15},"end":{"line":41,"column":30}},"line":41},"6":{"name":"(anonymous_6)","decl":{"start":{"line":42,"column":13},"end":{"line":42,"column":14}},"loc":{"start":{"line":42,"column":19},"end":{"line":42,"column":35}},"line":42},"7":{"name":"(anonymous_7)","decl":{"start":{"line":48,"column":1},"end":{"line":48,"column":2}},"loc":{"start":{"line":48,"column":20},"end":{"line":81,"column":2}},"line":48},"8":{"name":"(anonymous_8)","decl":{"start":{"line":83,"column":4},"end":{"line":83,"column":5}},"loc":{"start":{"line":83,"column":25},"end":{"line":86,"column":5}},"line":83},"9":{"name":"(anonymous_9)","decl":{"start":{"line":84,"column":77},"end":{"line":84,"column":78}},"loc":{"start":{"line":84,"column":82},"end":{"line":84,"column":105}},"line":84},"10":{"name":"(anonymous_10)","decl":{"start":{"line":85,"column":77},"end":{"line":85,"column":78}},"loc":{"start":{"line":85,"column":83},"end":{"line":85,"column":105}},"line":85},"11":{"name":"(anonymous_11)","decl":{"start":{"line":88,"column":4},"end":{"line":88,"column":5}},"loc":{"start":{"line":88,"column":23},"end":{"line":90,"column":5}},"line":88},"12":{"name":"(anonymous_12)","decl":{"start":{"line":92,"column":4},"end":{"line":92,"column":5}},"loc":{"start":{"line":92,"column":22},"end":{"line":98,"column":5}},"line":92},"13":{"name":"(anonymous_13)","decl":{"start":{"line":100,"column":4},"end":{"line":100,"column":5}},"loc":{"start":{"line":100,"column":37},"end":{"line":115,"column":5}},"line":100},"14":{"name":"(anonymous_14)","decl":{"start":{"line":117,"column":4},"end":{"line":117,"column":5}},"loc":{"start":{"line":117,"column":27},"end":{"line":122,"column":5}},"line":117},"15":{"name":"(anonymous_15)","decl":{"start":{"line":124,"column":4},"end":{"line":124,"column":5}},"loc":{"start":{"line":124,"column":22},"end":{"line":133,"column":5}},"line":124},"16":{"name":"(anonymous_16)","decl":{"start":{"line":131,"column":92},"end":{"line":131,"column":93}},"loc":{"start":{"line":131,"column":98},"end":{"line":131,"column":114}},"line":131},"17":{"name":"(anonymous_17)","decl":{"start":{"line":135,"column":4},"end":{"line":135,"column":5}},"loc":{"start":{"line":135,"column":33},"end":{"line":140,"column":5}},"line":135},"18":{"name":"(anonymous_18)","decl":{"start":{"line":142,"column":4},"end":{"line":142,"column":5}},"loc":{"start":{"line":142,"column":78},"end":{"line":199,"column":5}},"line":142},"19":{"name":"(anonymous_19)","decl":{"start":{"line":201,"column":4},"end":{"line":201,"column":5}},"loc":{"start":{"line":201,"column":81},"end":{"line":231,"column":5}},"line":201},"20":{"name":"(anonymous_20)","decl":{"start":{"line":233,"column":4},"end":{"line":233,"column":5}},"loc":{"start":{"line":233,"column":84},"end":{"line":262,"column":5}},"line":233},"21":{"name":"(anonymous_21)","decl":{"start":{"line":264,"column":4},"end":{"line":264,"column":5}},"loc":{"start":{"line":264,"column":19},"end":{"line":266,"column":5}},"line":264},"22":{"name":"(anonymous_22)","decl":{"start":{"line":268,"column":4},"end":{"line":268,"column":5}},"loc":{"start":{"line":268,"column":82},"end":{"line":297,"column":5}},"line":268},"23":{"name":"(anonymous_23)","decl":{"start":{"line":299,"column":4},"end":{"line":299,"column":5}},"loc":{"start":{"line":299,"column":83},"end":{"line":328,"column":5}},"line":299},"24":{"name":"(anonymous_24)","decl":{"start":{"line":330,"column":4},"end":{"line":330,"column":5}},"loc":{"start":{"line":330,"column":82},"end":{"line":360,"column":5}},"line":330},"25":{"name":"(anonymous_25)","decl":{"start":{"line":362,"column":4},"end":{"line":362,"column":5}},"loc":{"start":{"line":362,"column":28},"end":{"line":371,"column":5}},"line":362},"26":{"name":"(anonymous_26)","decl":{"start":{"line":373,"column":4},"end":{"line":373,"column":5}},"loc":{"start":{"line":373,"column":30},"end":{"line":375,"column":5}},"line":373},"27":{"name":"(anonymous_27)","decl":{"start":{"line":377,"column":4},"end":{"line":377,"column":5}},"loc":{"start":{"line":377,"column":32},"end":{"line":388,"column":5}},"line":377},"28":{"name":"(anonymous_28)","decl":{"start":{"line":390,"column":4},"end":{"line":390,"column":5}},"loc":{"start":{"line":390,"column":27},"end":{"line":409,"column":5}},"line":390},"29":{"name":"(anonymous_29)","decl":{"start":{"line":411,"column":4},"end":{"line":411,"column":5}},"loc":{"start":{"line":411,"column":25},"end":{"line":419,"column":5}},"line":411},"30":{"name":"(anonymous_30)","decl":{"start":{"line":421,"column":4},"end":{"line":421,"column":5}},"loc":{"start":{"line":421,"column":24},"end":{"line":424,"column":5}},"line":421},"31":{"name":"(anonymous_31)","decl":{"start":{"line":426,"column":4},"end":{"line":426,"column":5}},"loc":{"start":{"line":426,"column":45},"end":{"line":445,"column":5}},"line":426},"32":{"name":"(anonymous_32)","decl":{"start":{"line":447,"column":4},"end":{"line":447,"column":5}},"loc":{"start":{"line":447,"column":46},"end":{"line":474,"column":5}},"line":447},"33":{"name":"(anonymous_33)","decl":{"start":{"line":463,"column":30},"end":{"line":463,"column":31}},"loc":{"start":{"line":463,"column":36},"end":{"line":473,"column":7}},"line":463},"34":{"name":"(anonymous_34)","decl":{"start":{"line":476,"column":4},"end":{"line":476,"column":5}},"loc":{"start":{"line":476,"column":17},"end":{"line":485,"column":5}},"line":476},"35":{"name":"(anonymous_35)","decl":{"start":{"line":482,"column":18},"end":{"line":482,"column":19}},"loc":{"start":{"line":482,"column":24},"end":{"line":482,"column":95}},"line":482},"36":{"name":"(anonymous_36)","decl":{"start":{"line":482,"column":56},"end":{"line":482,"column":57}},"loc":{"start":{"line":482,"column":62},"end":{"line":482,"column":94}},"line":482},"37":{"name":"(anonymous_37)","decl":{"start":{"line":487,"column":4},"end":{"line":487,"column":5}},"loc":{"start":{"line":487,"column":16},"end":{"line":502,"column":5}},"line":487},"38":{"name":"(anonymous_38)","decl":{"start":{"line":504,"column":4},"end":{"line":504,"column":5}},"loc":{"start":{"line":504,"column":71},"end":{"line":532,"column":5}},"line":504},"39":{"name":"(anonymous_39)","decl":{"start":{"line":534,"column":4},"end":{"line":534,"column":5}},"loc":{"start":{"line":534,"column":13},"end":{"line":629,"column":5}},"line":534},"40":{"name":"(anonymous_40)","decl":{"start":{"line":608,"column":57},"end":{"line":608,"column":58}},"loc":{"start":{"line":608,"column":64},"end":{"line":608,"column":88}},"line":608}},"branchMap":{"0":{"loc":{"start":{"line":94,"column":6},"end":{"line":96,"column":7}},"type":"if","locations":[{"start":{"line":94,"column":6},"end":{"line":96,"column":7}},{"start":{"line":94,"column":6},"end":{"line":96,"column":7}}],"line":94},"1":{"loc":{"start":{"line":94,"column":10},"end":{"line":94,"column":68}},"type":"binary-expr","locations":[{"start":{"line":94,"column":10},"end":{"line":94,"column":37}},{"start":{"line":94,"column":41},"end":{"line":94,"column":68}}],"line":94},"2":{"loc":{"start":{"line":95,"column":37},"end":{"line":95,"column":54}},"type":"cond-expr","locations":[{"start":{"line":95,"column":47},"end":{"line":95,"column":49}},{"start":{"line":95,"column":52},"end":{"line":95,"column":54}}],"line":95},"3":{"loc":{"start":{"line":102,"column":6},"end":{"line":104,"column":7}},"type":"if","locations":[{"start":{"line":102,"column":6},"end":{"line":104,"column":7}},{"start":{"line":102,"column":6},"end":{"line":104,"column":7}}],"line":102},"4":{"loc":{"start":{"line":102,"column":10},"end":{"line":102,"column":68}},"type":"binary-expr","locations":[{"start":{"line":102,"column":10},"end":{"line":102,"column":37}},{"start":{"line":102,"column":41},"end":{"line":102,"column":68}}],"line":102},"5":{"loc":{"start":{"line":103,"column":37},"end":{"line":103,"column":54}},"type":"cond-expr","locations":[{"start":{"line":103,"column":47},"end":{"line":103,"column":49}},{"start":{"line":103,"column":52},"end":{"line":103,"column":54}}],"line":103},"6":{"loc":{"start":{"line":106,"column":89},"end":{"line":106,"column":106}},"type":"cond-expr","locations":[{"start":{"line":106,"column":99},"end":{"line":106,"column":101}},{"start":{"line":106,"column":104},"end":{"line":106,"column":106}}],"line":106},"7":{"loc":{"start":{"line":120,"column":6},"end":{"line":121,"column":25}},"type":"if","locations":[{"start":{"line":120,"column":6},"end":{"line":121,"column":25}},{"start":{"line":120,"column":6},"end":{"line":121,"column":25}}],"line":120},"8":{"loc":{"start":{"line":126,"column":8},"end":{"line":132,"column":9}},"type":"if","locations":[{"start":{"line":126,"column":8},"end":{"line":132,"column":9}},{"start":{"line":126,"column":8},"end":{"line":132,"column":9}}],"line":126},"9":{"loc":{"start":{"line":126,"column":12},"end":{"line":126,"column":98}},"type":"binary-expr","locations":[{"start":{"line":126,"column":12},"end":{"line":126,"column":38}},{"start":{"line":126,"column":42},"end":{"line":126,"column":69}},{"start":{"line":126,"column":73},"end":{"line":126,"column":98}}],"line":126},"10":{"loc":{"start":{"line":136,"column":8},"end":{"line":138,"column":9}},"type":"if","locations":[{"start":{"line":136,"column":8},"end":{"line":138,"column":9}},{"start":{"line":136,"column":8},"end":{"line":138,"column":9}}],"line":136},"11":{"loc":{"start":{"line":143,"column":20},"end":{"line":143,"column":53}},"type":"binary-expr","locations":[{"start":{"line":143,"column":20},"end":{"line":143,"column":29}},{"start":{"line":143,"column":33},"end":{"line":143,"column":53}}],"line":143},"12":{"loc":{"start":{"line":144,"column":19},"end":{"line":144,"column":50}},"type":"binary-expr","locations":[{"start":{"line":144,"column":19},"end":{"line":144,"column":27}},{"start":{"line":144,"column":31},"end":{"line":144,"column":50}}],"line":144},"13":{"loc":{"start":{"line":145,"column":22},"end":{"line":145,"column":59}},"type":"binary-expr","locations":[{"start":{"line":145,"column":22},"end":{"line":145,"column":33}},{"start":{"line":145,"column":37},"end":{"line":145,"column":59}}],"line":145},"14":{"loc":{"start":{"line":150,"column":8},"end":{"line":157,"column":9}},"type":"if","locations":[{"start":{"line":150,"column":8},"end":{"line":157,"column":9}},{"start":{"line":150,"column":8},"end":{"line":157,"column":9}}],"line":150},"15":{"loc":{"start":{"line":159,"column":8},"end":{"line":161,"column":9}},"type":"if","locations":[{"start":{"line":159,"column":8},"end":{"line":161,"column":9}},{"start":{"line":159,"column":8},"end":{"line":161,"column":9}}],"line":159},"16":{"loc":{"start":{"line":159,"column":12},"end":{"line":159,"column":70}},"type":"binary-expr","locations":[{"start":{"line":159,"column":12},"end":{"line":159,"column":39}},{"start":{"line":159,"column":43},"end":{"line":159,"column":70}}],"line":159},"17":{"loc":{"start":{"line":160,"column":39},"end":{"line":160,"column":56}},"type":"cond-expr","locations":[{"start":{"line":160,"column":49},"end":{"line":160,"column":51}},{"start":{"line":160,"column":54},"end":{"line":160,"column":56}}],"line":160},"18":{"loc":{"start":{"line":163,"column":8},"end":{"line":198,"column":9}},"type":"if","locations":[{"start":{"line":163,"column":8},"end":{"line":198,"column":9}},{"start":{"line":163,"column":8},"end":{"line":198,"column":9}}],"line":163},"19":{"loc":{"start":{"line":165,"column":10},"end":{"line":165,"column":109}},"type":"if","locations":[{"start":{"line":165,"column":10},"end":{"line":165,"column":109}},{"start":{"line":165,"column":10},"end":{"line":165,"column":109}}],"line":165},"20":{"loc":{"start":{"line":166,"column":10},"end":{"line":166,"column":111}},"type":"if","locations":[{"start":{"line":166,"column":10},"end":{"line":166,"column":111}},{"start":{"line":166,"column":10},"end":{"line":166,"column":111}}],"line":166},"21":{"loc":{"start":{"line":167,"column":10},"end":{"line":167,"column":63}},"type":"if","locations":[{"start":{"line":167,"column":10},"end":{"line":167,"column":63}},{"start":{"line":167,"column":10},"end":{"line":167,"column":63}}],"line":167},"22":{"loc":{"start":{"line":168,"column":10},"end":{"line":168,"column":64}},"type":"if","locations":[{"start":{"line":168,"column":10},"end":{"line":168,"column":64}},{"start":{"line":168,"column":10},"end":{"line":168,"column":64}}],"line":168},"23":{"loc":{"start":{"line":177,"column":10},"end":{"line":188,"column":11}},"type":"switch","locations":[{"start":{"line":178,"column":12},"end":{"line":179,"column":56}},{"start":{"line":180,"column":12},"end":{"line":181,"column":59}},{"start":{"line":182,"column":12},"end":{"line":183,"column":57}},{"start":{"line":184,"column":12},"end":{"line":185,"column":58}},{"start":{"line":186,"column":12},"end":{"line":187,"column":57}}],"line":177},"24":{"loc":{"start":{"line":206,"column":18},"end":{"line":206,"column":114}},"type":"cond-expr","locations":[{"start":{"line":206,"column":38},"end":{"line":206,"column":83}},{"start":{"line":206,"column":87},"end":{"line":206,"column":114}}],"line":206},"25":{"loc":{"start":{"line":237,"column":18},"end":{"line":237,"column":173}},"type":"cond-expr","locations":[{"start":{"line":237,"column":97},"end":{"line":237,"column":143}},{"start":{"line":237,"column":146},"end":{"line":237,"column":173}}],"line":237},"26":{"loc":{"start":{"line":265,"column":15},"end":{"line":265,"column":44}},"type":"cond-expr","locations":[{"start":{"line":265,"column":38},"end":{"line":265,"column":40}},{"start":{"line":265,"column":43},"end":{"line":265,"column":44}}],"line":265},"27":{"loc":{"start":{"line":270,"column":18},"end":{"line":270,"column":117}},"type":"cond-expr","locations":[{"start":{"line":270,"column":69},"end":{"line":270,"column":87}},{"start":{"line":270,"column":90},"end":{"line":270,"column":117}}],"line":270},"28":{"loc":{"start":{"line":301,"column":18},"end":{"line":301,"column":117}},"type":"cond-expr","locations":[{"start":{"line":301,"column":69},"end":{"line":301,"column":87}},{"start":{"line":301,"column":90},"end":{"line":301,"column":117}}],"line":301},"29":{"loc":{"start":{"line":332,"column":8},"end":{"line":335,"column":9}},"type":"if","locations":[{"start":{"line":332,"column":8},"end":{"line":335,"column":9}},{"start":{"line":332,"column":8},"end":{"line":335,"column":9}}],"line":332},"30":{"loc":{"start":{"line":336,"column":8},"end":{"line":339,"column":9}},"type":"if","locations":[{"start":{"line":336,"column":8},"end":{"line":339,"column":9}},{"start":{"line":336,"column":8},"end":{"line":339,"column":9}}],"line":336},"31":{"loc":{"start":{"line":342,"column":8},"end":{"line":359,"column":9}},"type":"if","locations":[{"start":{"line":342,"column":8},"end":{"line":359,"column":9}},{"start":{"line":342,"column":8},"end":{"line":359,"column":9}}],"line":342},"32":{"loc":{"start":{"line":343,"column":10},"end":{"line":346,"column":121}},"type":"if","locations":[{"start":{"line":343,"column":10},"end":{"line":346,"column":121}},{"start":{"line":343,"column":10},"end":{"line":346,"column":121}}],"line":343},"33":{"loc":{"start":{"line":347,"column":15},"end":{"line":359,"column":9}},"type":"if","locations":[{"start":{"line":347,"column":15},"end":{"line":359,"column":9}},{"start":{"line":347,"column":15},"end":{"line":359,"column":9}}],"line":347},"34":{"loc":{"start":{"line":350,"column":10},"end":{"line":358,"column":11}},"type":"if","locations":[{"start":{"line":350,"column":10},"end":{"line":358,"column":11}},{"start":{"line":350,"column":10},"end":{"line":358,"column":11}}],"line":350},"35":{"loc":{"start":{"line":350,"column":14},"end":{"line":350,"column":113}},"type":"binary-expr","locations":[{"start":{"line":350,"column":14},"end":{"line":350,"column":60}},{"start":{"line":350,"column":64},"end":{"line":350,"column":113}}],"line":350},"36":{"loc":{"start":{"line":357,"column":19},"end":{"line":357,"column":259}},"type":"cond-expr","locations":[{"start":{"line":357,"column":51},"end":{"line":357,"column":152}},{"start":{"line":357,"column":155},"end":{"line":357,"column":259}}],"line":357},"37":{"loc":{"start":{"line":364,"column":8},"end":{"line":370,"column":9}},"type":"switch","locations":[{"start":{"line":365,"column":12},"end":{"line":365,"column":40}},{"start":{"line":366,"column":12},"end":{"line":367,"column":57}},{"start":{"line":368,"column":12},"end":{"line":369,"column":28}}],"line":364},"38":{"loc":{"start":{"line":378,"column":8},"end":{"line":387,"column":9}},"type":"switch","locations":[{"start":{"line":379,"column":12},"end":{"line":380,"column":32}},{"start":{"line":381,"column":12},"end":{"line":382,"column":58}},{"start":{"line":383,"column":12},"end":{"line":384,"column":55}},{"start":{"line":385,"column":12},"end":{"line":386,"column":30}}],"line":378},"39":{"loc":{"start":{"line":422,"column":6},"end":{"line":423,"column":110}},"type":"if","locations":[{"start":{"line":422,"column":6},"end":{"line":423,"column":110}},{"start":{"line":422,"column":6},"end":{"line":423,"column":110}}],"line":422},"40":{"loc":{"start":{"line":434,"column":8},"end":{"line":444,"column":9}},"type":"if","locations":[{"start":{"line":434,"column":8},"end":{"line":444,"column":9}},{"start":{"line":434,"column":8},"end":{"line":444,"column":9}}],"line":434},"41":{"loc":{"start":{"line":435,"column":12},"end":{"line":441,"column":13}},"type":"if","locations":[{"start":{"line":435,"column":12},"end":{"line":441,"column":13}},{"start":{"line":435,"column":12},"end":{"line":441,"column":13}}],"line":435},"42":{"loc":{"start":{"line":442,"column":15},"end":{"line":444,"column":9}},"type":"if","locations":[{"start":{"line":442,"column":15},"end":{"line":444,"column":9}},{"start":{"line":442,"column":15},"end":{"line":444,"column":9}}],"line":442},"43":{"loc":{"start":{"line":442,"column":19},"end":{"line":442,"column":233}},"type":"binary-expr","locations":[{"start":{"line":442,"column":19},"end":{"line":442,"column":32}},{"start":{"line":442,"column":38},"end":{"line":442,"column":60}},{"start":{"line":442,"column":64},"end":{"line":442,"column":127}},{"start":{"line":442,"column":133},"end":{"line":442,"column":158}},{"start":{"line":442,"column":162},"end":{"line":442,"column":231}}],"line":442},"44":{"loc":{"start":{"line":454,"column":6},"end":{"line":455,"column":60}},"type":"if","locations":[{"start":{"line":454,"column":6},"end":{"line":455,"column":60}},{"start":{"line":454,"column":6},"end":{"line":455,"column":60}}],"line":454},"45":{"loc":{"start":{"line":457,"column":6},"end":{"line":458,"column":48}},"type":"if","locations":[{"start":{"line":457,"column":6},"end":{"line":458,"column":48}},{"start":{"line":457,"column":6},"end":{"line":458,"column":48}}],"line":457},"46":{"loc":{"start":{"line":460,"column":6},"end":{"line":461,"column":44}},"type":"if","locations":[{"start":{"line":460,"column":6},"end":{"line":461,"column":44}},{"start":{"line":460,"column":6},"end":{"line":461,"column":44}}],"line":460},"47":{"loc":{"start":{"line":464,"column":8},"end":{"line":472,"column":9}},"type":"if","locations":[{"start":{"line":464,"column":8},"end":{"line":472,"column":9}},{"start":{"line":464,"column":8},"end":{"line":472,"column":9}}],"line":464},"48":{"loc":{"start":{"line":513,"column":6},"end":{"line":531,"column":7}},"type":"if","locations":[{"start":{"line":513,"column":6},"end":{"line":531,"column":7}},{"start":{"line":513,"column":6},"end":{"line":531,"column":7}}],"line":513},"49":{"loc":{"start":{"line":513,"column":10},"end":{"line":513,"column":29}},"type":"binary-expr","locations":[{"start":{"line":513,"column":10},"end":{"line":513,"column":15}},{"start":{"line":513,"column":19},"end":{"line":513,"column":29}}],"line":513},"50":{"loc":{"start":{"line":514,"column":11},"end":{"line":531,"column":7}},"type":"if","locations":[{"start":{"line":514,"column":11},"end":{"line":531,"column":7}},{"start":{"line":514,"column":11},"end":{"line":531,"column":7}}],"line":514},"51":{"loc":{"start":{"line":514,"column":15},"end":{"line":514,"column":108}},"type":"binary-expr","locations":[{"start":{"line":514,"column":15},"end":{"line":514,"column":30}},{"start":{"line":514,"column":35},"end":{"line":514,"column":52}},{"start":{"line":514,"column":56},"end":{"line":514,"column":78}},{"start":{"line":514,"column":84},"end":{"line":514,"column":107}}],"line":514},"52":{"loc":{"start":{"line":515,"column":11},"end":{"line":531,"column":7}},"type":"if","locations":[{"start":{"line":515,"column":11},"end":{"line":531,"column":7}},{"start":{"line":515,"column":11},"end":{"line":531,"column":7}}],"line":515},"53":{"loc":{"start":{"line":515,"column":15},"end":{"line":515,"column":36}},"type":"binary-expr","locations":[{"start":{"line":515,"column":15},"end":{"line":515,"column":21}},{"start":{"line":515,"column":25},"end":{"line":515,"column":36}}],"line":515},"54":{"loc":{"start":{"line":611,"column":19},"end":{"line":614,"column":27}},"type":"binary-expr","locations":[{"start":{"line":611,"column":19},"end":{"line":611,"column":48}},{"start":{"line":611,"column":52},"end":{"line":611,"column":85}},{"start":{"line":612,"column":20},"end":{"line":614,"column":27}}],"line":611},"55":{"loc":{"start":{"line":620,"column":8},"end":{"line":628,"column":9}},"type":"if","locations":[{"start":{"line":620,"column":8},"end":{"line":628,"column":9}},{"start":{"line":620,"column":8},"end":{"line":628,"column":9}}],"line":620}},"s":{"0":1,"1":1,"2":1,"3":1,"4":1,"5":1,"6":118,"7":118,"8":9,"9":9,"10":13,"11":13,"12":13,"13":13,"14":0,"15":0,"16":0,"17":17,"18":17,"19":17,"20":17,"21":17,"22":17,"23":17,"24":17,"25":17,"26":17,"27":17,"28":17,"29":17,"30":17,"31":17,"32":17,"33":0,"34":17,"35":0,"36":0,"37":0,"38":0,"39":0,"40":0,"41":0,"42":0,"43":0,"44":0,"45":0,"46":0,"47":0,"48":0,"49":0,"50":0,"51":15,"52":15,"53":15,"54":15,"55":15,"56":0,"57":0,"58":0,"59":27,"60":27,"61":27,"62":27,"63":0,"64":27,"65":27,"66":0,"67":27,"68":24,"69":3,"70":24,"71":3,"72":24,"73":6,"74":24,"75":6,"76":24,"77":24,"78":2,"79":2,"80":4,"81":4,"82":12,"83":3,"84":2,"85":2,"86":2,"87":2,"88":2,"89":2,"90":2,"91":2,"92":2,"93":2,"94":2,"95":2,"96":2,"97":2,"98":2,"99":2,"100":2,"101":2,"102":2,"103":2,"104":2,"105":8,"106":4,"107":4,"108":4,"109":4,"110":4,"111":4,"112":4,"113":4,"114":4,"115":4,"116":4,"117":4,"118":4,"119":4,"120":4,"121":4,"122":4,"123":4,"124":4,"125":4,"126":12,"127":12,"128":4,"129":4,"130":8,"131":4,"132":8,"133":0,"134":0,"135":0,"136":8,"137":4,"138":4,"139":0,"140":4,"141":4,"142":4,"143":27,"144":27,"145":8,"146":19,"147":0,"148":49,"149":2,"150":4,"151":4,"152":39,"153":49,"154":49,"155":49,"156":49,"157":49,"158":15,"159":15,"160":15,"161":15,"162":15,"163":17,"164":0,"165":15,"166":15,"167":15,"168":2,"169":2,"170":0,"171":13,"172":0,"173":0,"174":0,"175":0,"176":0,"177":0,"178":0,"179":0,"180":0,"181":0,"182":0,"183":0,"184":0,"185":0,"186":0,"187":0,"188":15,"189":15,"190":15,"191":15,"192":15,"193":15,"194":15,"195":15,"196":0,"197":15,"198":0,"199":15,"200":0,"201":15,"202":49,"203":49,"204":49,"205":49,"206":49,"207":49,"208":49,"209":49,"210":49,"211":49,"212":49,"213":49,"214":0,"215":49,"216":48,"217":1,"218":1,"219":1,"220":1},"f":{"0":0,"1":118,"2":9,"3":13,"4":0,"5":0,"6":0,"7":17,"8":17,"9":0,"10":0,"11":0,"12":0,"13":0,"14":0,"15":15,"16":15,"17":0,"18":27,"19":2,"20":2,"21":8,"22":4,"23":4,"24":12,"25":27,"26":0,"27":49,"28":49,"29":15,"30":17,"31":15,"32":0,"33":0,"34":0,"35":0,"36":0,"37":15,"38":15,"39":49,"40":0},"b":{"0":[0,0],"1":[0,0],"2":[0,0],"3":[0,0],"4":[0,0],"5":[0,0],"6":[0,0],"7":[0,0],"8":[15,0],"9":[15,15,15],"10":[0,0],"11":[27,15],"12":[27,15],"13":[27,15],"14":[0,27],"15":[0,27],"16":[27,27],"17":[0,0],"18":[24,3],"19":[3,21],"20":[3,21],"21":[6,18],"22":[6,18],"23":[2,2,4,4,12],"24":[0,2],"25":[0,2],"26":[0,8],"27":[0,4],"28":[0,4],"29":[4,8],"30":[4,4],"31":[0,8],"32":[0,0],"33":[4,4],"34":[0,4],"35":[4,4],"36":[2,2],"37":[4,8,19],"38":[2,4,4,39],"39":[0,17],"40":[2,13],"41":[2,0],"42":[0,13],"43":[13,1,0,1,1],"44":[0,0],"45":[0,0],"46":[0,0],"47":[0,0],"48":[0,15],"49":[15,0],"50":[0,15],"51":[15,15,0,0],"52":[0,15],"53":[15,0],"54":[49,49,24],"55":[48,1]},"_coverageSchema":"332fd63041d2c1bcb487cc26dd0d5f7d97098a6c","hash":"3802ae8e524bd185e8fa92fa369aac75310c95f4"}
}
