TN:
SF:/Users/petersteffey/Documents/react-native-popover/Popover.js
FN:10,(anonymous_0)
FN:22,Point
FN:27,Size
FN:32,Rect
FN:39,isIOS
FN:41,(anonymous_5)
FN:42,(anonymous_6)
FN:48,(anonymous_7)
FN:83,(anonymous_8)
FN:84,(anonymous_9)
FN:85,(anonymous_10)
FN:88,(anonymous_11)
FN:92,(anonymous_12)
FN:100,(anonymous_13)
FN:117,(anonymous_14)
FN:124,(anonymous_15)
FN:131,(anonymous_16)
FN:135,(anonymous_17)
FN:142,(anonymous_18)
FN:201,(anonymous_19)
FN:233,(anonymous_20)
FN:264,(anonymous_21)
FN:268,(anonymous_22)
FN:299,(anonymous_23)
FN:330,(anonymous_24)
FN:362,(anonymous_25)
FN:373,(anonymous_26)
FN:377,(anonymous_27)
FN:390,(anonymous_28)
FN:411,(anonymous_29)
FN:421,(anonymous_30)
FN:426,(anonymous_31)
FN:447,(anonymous_32)
FN:463,(anonymous_33)
FN:476,(anonymous_34)
FN:482,(anonymous_35)
FN:482,(anonymous_36)
FN:487,(anonymous_37)
FN:504,(anonymous_38)
FN:534,(anonymous_39)
FN:608,(anonymous_40)
FNF:41
FNH:23
FNDA:0,(anonymous_0)
FNDA:118,Point
FNDA:9,Size
FNDA:13,Rect
FNDA:0,isIOS
FNDA:0,(anonymous_5)
FNDA:0,(anonymous_6)
FNDA:17,(anonymous_7)
FNDA:17,(anonymous_8)
FNDA:0,(anonymous_9)
FNDA:0,(anonymous_10)
FNDA:0,(anonymous_11)
FNDA:0,(anonymous_12)
FNDA:0,(anonymous_13)
FNDA:0,(anonymous_14)
FNDA:15,(anonymous_15)
FNDA:15,(anonymous_16)
FNDA:0,(anonymous_17)
FNDA:27,(anonymous_18)
FNDA:2,(anonymous_19)
FNDA:2,(anonymous_20)
FNDA:8,(anonymous_21)
FNDA:4,(anonymous_22)
FNDA:4,(anonymous_23)
FNDA:12,(anonymous_24)
FNDA:27,(anonymous_25)
FNDA:0,(anonymous_26)
FNDA:49,(anonymous_27)
FNDA:49,(anonymous_28)
FNDA:15,(anonymous_29)
FNDA:17,(anonymous_30)
FNDA:15,(anonymous_31)
FNDA:0,(anonymous_32)
FNDA:0,(anonymous_33)
FNDA:0,(anonymous_34)
FNDA:0,(anonymous_35)
FNDA:0,(anonymous_36)
FNDA:15,(anonymous_37)
FNDA:15,(anonymous_38)
FNDA:49,(anonymous_39)
FNDA:0,(anonymous_40)
DA:8,1
DA:9,1
DA:10,1
DA:12,1
DA:13,1
DA:14,1
DA:23,118
DA:24,118
DA:28,9
DA:29,9
DA:33,13
DA:34,13
DA:35,13
DA:36,13
DA:40,0
DA:41,0
DA:42,0
DA:49,17
DA:51,17
DA:68,17
DA:69,17
DA:70,17
DA:71,17
DA:72,17
DA:73,17
DA:74,17
DA:75,17
DA:76,17
DA:77,17
DA:78,17
DA:79,17
DA:80,17
DA:84,17
DA:85,17
DA:89,0
DA:93,0
DA:94,0
DA:95,0
DA:97,0
DA:101,0
DA:102,0
DA:103,0
DA:106,0
DA:107,0
DA:109,0
DA:118,0
DA:119,0
DA:120,0
DA:121,0
DA:125,15
DA:126,15
DA:127,15
DA:131,15
DA:136,0
DA:137,0
DA:139,0
DA:143,27
DA:144,27
DA:145,27
DA:150,27
DA:151,0
DA:156,27
DA:159,27
DA:160,0
DA:163,27
DA:165,24
DA:166,24
DA:167,24
DA:168,24
DA:170,24
DA:177,24
DA:179,2
DA:181,2
DA:183,4
DA:185,4
DA:187,12
DA:190,3
DA:202,2
DA:203,2
DA:205,2
DA:210,2
DA:211,2
DA:212,2
DA:214,2
DA:219,2
DA:222,2
DA:223,2
DA:225,2
DA:234,2
DA:236,2
DA:241,2
DA:242,2
DA:243,2
DA:245,2
DA:250,2
DA:253,2
DA:254,2
DA:256,2
DA:265,8
DA:269,4
DA:274,4
DA:276,4
DA:277,4
DA:278,4
DA:280,4
DA:285,4
DA:288,4
DA:289,4
DA:291,4
DA:300,4
DA:305,4
DA:307,4
DA:308,4
DA:309,4
DA:311,4
DA:316,4
DA:319,4
DA:320,4
DA:322,4
DA:331,12
DA:332,12
DA:333,4
DA:334,4
DA:336,8
DA:337,4
DA:342,8
DA:343,0
DA:344,0
DA:346,0
DA:347,8
DA:348,4
DA:350,4
DA:351,0
DA:355,4
DA:356,4
DA:357,4
DA:363,27
DA:364,27
DA:367,8
DA:369,19
DA:374,0
DA:378,49
DA:380,2
DA:382,4
DA:384,4
DA:386,39
DA:391,49
DA:392,49
DA:398,49
DA:399,49
DA:401,49
DA:412,15
DA:414,15
DA:416,15
DA:417,15
DA:418,15
DA:422,17
DA:423,0
DA:427,15
DA:432,15
DA:434,15
DA:435,2
DA:438,2
DA:440,0
DA:442,13
DA:443,0
DA:448,0
DA:450,0
DA:452,0
DA:454,0
DA:455,0
DA:457,0
DA:458,0
DA:460,0
DA:461,0
DA:463,0
DA:464,0
DA:465,0
DA:477,0
DA:482,0
DA:488,15
DA:491,15
DA:492,15
DA:493,15
DA:495,15
DA:505,15
DA:511,15
DA:513,15
DA:514,15
DA:515,15
DA:517,15
DA:535,49
DA:537,49
DA:543,49
DA:544,49
DA:545,49
DA:547,49
DA:560,49
DA:572,49
DA:577,49
DA:584,49
DA:589,49
DA:603,49
DA:608,0
DA:620,49
DA:621,48
DA:627,1
DA:632,1
DA:680,1
DA:692,1
LF:210
LH:164
BRDA:94,0,0,0
BRDA:94,0,1,0
BRDA:94,1,0,0
BRDA:94,1,1,0
BRDA:95,2,0,0
BRDA:95,2,1,0
BRDA:102,3,0,0
BRDA:102,3,1,0
BRDA:102,4,0,0
BRDA:102,4,1,0
BRDA:103,5,0,0
BRDA:103,5,1,0
BRDA:106,6,0,0
BRDA:106,6,1,0
BRDA:120,7,0,0
BRDA:120,7,1,0
BRDA:126,8,0,15
BRDA:126,8,1,0
BRDA:126,9,0,15
BRDA:126,9,1,15
BRDA:126,9,2,15
BRDA:136,10,0,0
BRDA:136,10,1,0
BRDA:143,11,0,27
BRDA:143,11,1,15
BRDA:144,12,0,27
BRDA:144,12,1,15
BRDA:145,13,0,27
BRDA:145,13,1,15
BRDA:150,14,0,0
BRDA:150,14,1,27
BRDA:159,15,0,0
BRDA:159,15,1,27
BRDA:159,16,0,27
BRDA:159,16,1,27
BRDA:160,17,0,0
BRDA:160,17,1,0
BRDA:163,18,0,24
BRDA:163,18,1,3
BRDA:165,19,0,3
BRDA:165,19,1,21
BRDA:166,20,0,3
BRDA:166,20,1,21
BRDA:167,21,0,6
BRDA:167,21,1,18
BRDA:168,22,0,6
BRDA:168,22,1,18
BRDA:177,23,0,2
BRDA:177,23,1,2
BRDA:177,23,2,4
BRDA:177,23,3,4
BRDA:177,23,4,12
BRDA:206,24,0,0
BRDA:206,24,1,2
BRDA:237,25,0,0
BRDA:237,25,1,2
BRDA:265,26,0,0
BRDA:265,26,1,8
BRDA:270,27,0,0
BRDA:270,27,1,4
BRDA:301,28,0,0
BRDA:301,28,1,4
BRDA:332,29,0,4
BRDA:332,29,1,8
BRDA:336,30,0,4
BRDA:336,30,1,4
BRDA:342,31,0,0
BRDA:342,31,1,8
BRDA:343,32,0,0
BRDA:343,32,1,0
BRDA:347,33,0,4
BRDA:347,33,1,4
BRDA:350,34,0,0
BRDA:350,34,1,4
BRDA:350,35,0,4
BRDA:350,35,1,4
BRDA:357,36,0,2
BRDA:357,36,1,2
BRDA:364,37,0,4
BRDA:364,37,1,8
BRDA:364,37,2,19
BRDA:378,38,0,2
BRDA:378,38,1,4
BRDA:378,38,2,4
BRDA:378,38,3,39
BRDA:422,39,0,0
BRDA:422,39,1,17
BRDA:434,40,0,2
BRDA:434,40,1,13
BRDA:435,41,0,2
BRDA:435,41,1,0
BRDA:442,42,0,0
BRDA:442,42,1,13
BRDA:442,43,0,13
BRDA:442,43,1,1
BRDA:442,43,2,0
BRDA:442,43,3,1
BRDA:442,43,4,1
BRDA:454,44,0,0
BRDA:454,44,1,0
BRDA:457,45,0,0
BRDA:457,45,1,0
BRDA:460,46,0,0
BRDA:460,46,1,0
BRDA:464,47,0,0
BRDA:464,47,1,0
BRDA:513,48,0,0
BRDA:513,48,1,15
BRDA:513,49,0,15
BRDA:513,49,1,0
BRDA:514,50,0,0
BRDA:514,50,1,15
BRDA:514,51,0,15
BRDA:514,51,1,15
BRDA:514,51,2,0
BRDA:514,51,3,0
BRDA:515,52,0,0
BRDA:515,52,1,15
BRDA:515,53,0,15
BRDA:515,53,1,0
BRDA:611,54,0,49
BRDA:611,54,1,49
BRDA:611,54,2,24
BRDA:620,55,0,48
BRDA:620,55,1,1
BRF:125
BRH:74
end_of_record
